2022-07-12 02:41:47,165 [65] ERROR EPiServer.Framework.Cache.ObjectInstanceCacheExtensions: Failed to Read cacheKey = 'EPPageData:65:en'
System.InvalidOperationException: There is already an open DataReader associated with this Command which must be closed first.
   at System.Data.SqlClient.SqlInternalConnectionTds.ValidateConnectionForExecute(SqlCommand command)
   at System.Data.SqlClient.SqlConnection.ValidateConnectionForExecute(String method, SqlCommand command)
   at System.Data.SqlClient.SqlCommand.ValidateCommand(String method, Boolean async)
   at System.Data.SqlClient.SqlCommand.RunExecuteReader(CommandBehavior cmdBehavior, RunBehavior runBehavior, Boolean returnStream, String method, TaskCompletionSource`1 completion, Int32 timeout, Task& task, Boolean& usedCache, Boolean asyncWrite, Boolean inRetry)
   at System.Data.SqlClient.SqlCommand.RunExecuteReader(CommandBehavior cmdBehavior, RunBehavior runBehavior, Boolean returnStream, String method)
   at System.Data.SqlClient.SqlCommand.ExecuteReader(CommandBehavior behavior, String method)
   at System.Data.SqlClient.SqlCommand.ExecuteDbDataReader(CommandBehavior behavior)
   at System.Data.Common.DbCommand.ExecuteReader(CommandBehavior behavior)
   at EPiServer.DataAccess.Internal.CategoryDB.<>c__DisplayClass11_0.<Load>b__0()
   at EPiServer.Data.Providers.Internal.SqlDatabaseExecutor.<>c__DisplayClass31_0`1.<Execute>b__0()
   at EPiServer.Data.Providers.SqlTransientErrorsRetryPolicy.Execute[TResult](Func`1 method)
   at EPiServer.Data.Providers.Internal.SqlDatabaseExecutor.Execute[TResult](Func`1 action)
   at EPiServer.DataAccess.Internal.CategoryDB.Load(Int32 contentID, Int32 versionID, String scopeName, String languageBranch)
   at EPiServer.Core.PropertyCategory.get_Category()
   at EPiServer.Core.PropertyCategory.MakeReadOnly()
   at EPiServer.Core.PropertyDataCollection.MakeReadOnly()
   at EPiServer.Core.ContentData.MakeReadOnly()
   at Castle.Proxies.PageListBlockProxy.MakeReadOnly_callback()
   at Castle.Proxies.Invocations.ContentData_MakeReadOnly_2.InvokeMethodOnTarget()
   at Castle.DynamicProxy.AbstractInvocation.Proceed()
   at EPiServer.DataAbstraction.RuntimeModel.ContentDataInterceptor.Intercept(IInvocation invocation)
   at Castle.DynamicProxy.AbstractInvocation.Proceed()
   at EPiServer.DataAbstraction.RuntimeModel.Internal.SharedBlockInterceptor.Intercept(IInvocation invocation)
   at Castle.DynamicProxy.AbstractInvocation.Proceed()
   at Castle.Proxies.PageListBlockProxy.MakeReadOnly()
   at EPiServer.DataAccess.Internal.ContentDB.FinalizeContent(IContent content)
   at EPiServer.DataAccess.Internal.ContentLoadDB.LoadContentInternal(ContentReference contentLink, Int32 languageBranchId, DbDataReader reader)
   at EPiServer.DataAccess.Internal.ContentLoadDB.<>c__DisplayClass2_0.<Load>b__0()
   at EPiServer.Data.Providers.Internal.SqlDatabaseExecutor.<>c__DisplayClass31_0`1.<Execute>b__0()
   at EPiServer.Data.Providers.SqlTransientErrorsRetryPolicy.Execute[TResult](Func`1 method)
   at EPiServer.Data.Providers.Internal.SqlDatabaseExecutor.Execute[TResult](Func`1 action)
   at EPiServer.DataAccess.Internal.ContentLoadDB.Load(ContentReference contentLink, Int32 languageBranchID)
   at EPiServer.Core.Internal.DefaultContentProviderDatabase.Load(ContentReference contentLink, Int32 languageBranchID)
   at EPiServer.Core.Internal.DefaultContentProvider.LoadContent(ContentReference contentLink, ILanguageSelector languageSelector)
   at EPiServer.Core.ContentProvider.<>c__DisplayClass121_0.<LoadContentFromCacheOrRepository>b__0()
   at EPiServer.Framework.Cache.ObjectInstanceCacheExtensions.ReadThroughWithWait[T](IObjectInstanceCache cache, String cacheKey, Func`1 readValue, Func`2 evictionPolicy)
System.InvalidOperationException: There is already an open DataReader associated with this Command which must be closed first.
   at System.Data.SqlClient.SqlInternalConnectionTds.ValidateConnectionForExecute(SqlCommand command)
   at System.Data.SqlClient.SqlConnection.ValidateConnectionForExecute(String method, SqlCommand command)
   at System.Data.SqlClient.SqlCommand.ValidateCommand(String method, Boolean async)
   at System.Data.SqlClient.SqlCommand.RunExecuteReader(CommandBehavior cmdBehavior, RunBehavior runBehavior, Boolean returnStream, String method, TaskCompletionSource`1 completion, Int32 timeout, Task& task, Boolean& usedCache, Boolean asyncWrite, Boolean inRetry)
   at System.Data.SqlClient.SqlCommand.RunExecuteReader(CommandBehavior cmdBehavior, RunBehavior runBehavior, Boolean returnStream, String method)
   at System.Data.SqlClient.SqlCommand.ExecuteReader(CommandBehavior behavior, String method)
   at System.Data.SqlClient.SqlCommand.ExecuteDbDataReader(CommandBehavior behavior)
   at System.Data.Common.DbCommand.ExecuteReader(CommandBehavior behavior)
   at EPiServer.DataAccess.Internal.CategoryDB.<>c__DisplayClass11_0.<Load>b__0()
   at EPiServer.Data.Providers.Internal.SqlDatabaseExecutor.<>c__DisplayClass31_0`1.<Execute>b__0()
   at EPiServer.Data.Providers.SqlTransientErrorsRetryPolicy.Execute[TResult](Func`1 method)
   at EPiServer.Data.Providers.Internal.SqlDatabaseExecutor.Execute[TResult](Func`1 action)
   at EPiServer.DataAccess.Internal.CategoryDB.Load(Int32 contentID, Int32 versionID, String scopeName, String languageBranch)
   at EPiServer.Core.PropertyCategory.get_Category()
   at EPiServer.Core.PropertyCategory.MakeReadOnly()
   at EPiServer.Core.PropertyDataCollection.MakeReadOnly()
   at EPiServer.Core.ContentData.MakeReadOnly()
   at Castle.Proxies.PageListBlockProxy.MakeReadOnly_callback()
   at Castle.Proxies.Invocations.ContentData_MakeReadOnly_2.InvokeMethodOnTarget()
   at Castle.DynamicProxy.AbstractInvocation.Proceed()
   at EPiServer.DataAbstraction.RuntimeModel.ContentDataInterceptor.Intercept(IInvocation invocation)
   at Castle.DynamicProxy.AbstractInvocation.Proceed()
   at EPiServer.DataAbstraction.RuntimeModel.Internal.SharedBlockInterceptor.Intercept(IInvocation invocation)
   at Castle.DynamicProxy.AbstractInvocation.Proceed()
   at Castle.Proxies.PageListBlockProxy.MakeReadOnly()
   at EPiServer.DataAccess.Internal.ContentDB.FinalizeContent(IContent content)
   at EPiServer.DataAccess.Internal.ContentLoadDB.LoadContentInternal(ContentReference contentLink, Int32 languageBranchId, DbDataReader reader)
   at EPiServer.DataAccess.Internal.ContentLoadDB.<>c__DisplayClass2_0.<Load>b__0()
   at EPiServer.Data.Providers.Internal.SqlDatabaseExecutor.<>c__DisplayClass31_0`1.<Execute>b__0()
   at EPiServer.Data.Providers.SqlTransientErrorsRetryPolicy.Execute[TResult](Func`1 method)
   at EPiServer.Data.Providers.Internal.SqlDatabaseExecutor.Execute[TResult](Func`1 action)
   at EPiServer.DataAccess.Internal.ContentLoadDB.Load(ContentReference contentLink, Int32 languageBranchID)
   at EPiServer.Core.Internal.DefaultContentProviderDatabase.Load(ContentReference contentLink, Int32 languageBranchID)
   at EPiServer.Core.Internal.DefaultContentProvider.LoadContent(ContentReference contentLink, ILanguageSelector languageSelector)
   at EPiServer.Core.ContentProvider.<>c__DisplayClass121_0.<LoadContentFromCacheOrRepository>b__0()
   at EPiServer.Framework.Cache.ObjectInstanceCacheExtensions.ReadThroughWithWait[T](IObjectInstanceCache cache, String cacheKey, Func`1 readValue, Func`2 evictionPolicy)
2022-07-12 02:41:47,205 [65] ERROR EPiServer.Global: Unhandled exception in ASP.NET
System.InvalidOperationException: There is already an open DataReader associated with this Command which must be closed first.
   at System.Data.SqlClient.SqlInternalConnectionTds.ValidateConnectionForExecute(SqlCommand command)
   at System.Data.SqlClient.SqlConnection.ValidateConnectionForExecute(String method, SqlCommand command)
   at System.Data.SqlClient.SqlCommand.ValidateCommand(String method, Boolean async)
   at System.Data.SqlClient.SqlCommand.RunExecuteReader(CommandBehavior cmdBehavior, RunBehavior runBehavior, Boolean returnStream, String method, TaskCompletionSource`1 completion, Int32 timeout, Task& task, Boolean& usedCache, Boolean asyncWrite, Boolean inRetry)
   at System.Data.SqlClient.SqlCommand.RunExecuteReader(CommandBehavior cmdBehavior, RunBehavior runBehavior, Boolean returnStream, String method)
   at System.Data.SqlClient.SqlCommand.ExecuteReader(CommandBehavior behavior, String method)
   at System.Data.SqlClient.SqlCommand.ExecuteDbDataReader(CommandBehavior behavior)
   at System.Data.Common.DbCommand.ExecuteReader(CommandBehavior behavior)
   at EPiServer.DataAccess.Internal.CategoryDB.<>c__DisplayClass11_0.<Load>b__0()
   at EPiServer.Data.Providers.Internal.SqlDatabaseExecutor.<>c__DisplayClass31_0`1.<Execute>b__0()
   at EPiServer.Data.Providers.SqlTransientErrorsRetryPolicy.Execute[TResult](Func`1 method)
   at EPiServer.Data.Providers.Internal.SqlDatabaseExecutor.Execute[TResult](Func`1 action)
   at EPiServer.DataAccess.Internal.CategoryDB.Load(Int32 contentID, Int32 versionID, String scopeName, String languageBranch)
   at EPiServer.Core.PropertyCategory.get_Category()
   at EPiServer.Core.PropertyCategory.MakeReadOnly()
   at EPiServer.Core.PropertyDataCollection.MakeReadOnly()
   at EPiServer.Core.ContentData.MakeReadOnly()
   at Castle.Proxies.PageListBlockProxy.MakeReadOnly_callback()
   at Castle.Proxies.Invocations.ContentData_MakeReadOnly_2.InvokeMethodOnTarget()
   at Castle.DynamicProxy.AbstractInvocation.Proceed()
   at EPiServer.DataAbstraction.RuntimeModel.ContentDataInterceptor.Intercept(IInvocation invocation)
   at Castle.DynamicProxy.AbstractInvocation.Proceed()
   at EPiServer.DataAbstraction.RuntimeModel.Internal.SharedBlockInterceptor.Intercept(IInvocation invocation)
   at Castle.DynamicProxy.AbstractInvocation.Proceed()
   at Castle.Proxies.PageListBlockProxy.MakeReadOnly()
   at EPiServer.DataAccess.Internal.ContentDB.FinalizeContent(IContent content)
   at EPiServer.DataAccess.Internal.ContentLoadDB.LoadContentInternal(ContentReference contentLink, Int32 languageBranchId, DbDataReader reader)
   at EPiServer.DataAccess.Internal.ContentLoadDB.<>c__DisplayClass2_0.<Load>b__0()
   at EPiServer.Data.Providers.Internal.SqlDatabaseExecutor.<>c__DisplayClass31_0`1.<Execute>b__0()
   at EPiServer.Data.Providers.SqlTransientErrorsRetryPolicy.Execute[TResult](Func`1 method)
   at EPiServer.Data.Providers.Internal.SqlDatabaseExecutor.Execute[TResult](Func`1 action)
   at EPiServer.DataAccess.Internal.ContentLoadDB.Load(ContentReference contentLink, Int32 languageBranchID)
   at EPiServer.Core.Internal.DefaultContentProviderDatabase.Load(ContentReference contentLink, Int32 languageBranchID)
   at EPiServer.Core.Internal.DefaultContentProvider.LoadContent(ContentReference contentLink, ILanguageSelector languageSelector)
   at EPiServer.Core.ContentProvider.<>c__DisplayClass121_0.<LoadContentFromCacheOrRepository>b__0()
   at EPiServer.Framework.Cache.ObjectInstanceCacheExtensions.ReadThroughWithWait[T](IObjectInstanceCache cache, String cacheKey, Func`1 readValue, Func`2 evictionPolicy)
   at EPiServer.Framework.Cache.ObjectInstanceCacheExtensions.ReadThrough[T](IObjectInstanceCache cache, String key, Func`1 readValue, Func`2 evictionPolicy, ReadStrategy readStrategy)
   at EPiServer.Core.Internal.ContentInstanceCache.ReadThrough(ContentReference contentLink, String selectedLanguage, Func`1 readValue)
   at EPiServer.Core.ContentProvider.LoadContentFromCacheOrRepository(ContentReference contentreference, ILanguageSelector selector)
   at EPiServer.Core.ContentProvider.Load(ContentReference contentLink, ILanguageSelector selector)
   at EPiServer.Core.Internal.ProviderPipelineImplementation.GetItem(ContentProvider provider, ContentReference contentLink, LoaderOptions loaderOptions)
   at EPiServer.Core.Internal.DefaultContentLoader.TryGet[T](ContentReference contentLink, LoaderOptions loaderOptions, T& content)
   at EPiServer.Core.Internal.DefaultContentRepository.TryGet[T](ContentReference contentLink, LoaderOptions loaderOptions, T& content)
   at EPiServer.Core.Html.StringParsing.ContentFragment.GetContent(Boolean enableMasterLanguageFallback)
   at EPiServer.Core.Html.StringParsing.ContentFragment.GetSecurityDescriptor()
   at EPiServer.Core.ContentAreaItem..ctor(ContentFragment fragment)
   at EPiServer.Core.ContentArea.CreateContentAreaItem(ContentFragment fragment)
   at EPiServer.Core.ContentArea.<CreateContentAreaItemCollection>b__19_0(ContentFragment fragment)
   at System.Linq.Enumerable.WhereSelectEnumerableIterator`2.MoveNext()
   at System.Collections.Generic.List`1..ctor(IEnumerable`1 collection)
   at System.Linq.Enumerable.ToList[TSource](IEnumerable`1 source)
   at EPiServer.Core.ContentArea.CreateContentAreaItemCollection()
   at EPiServer.Core.ContentArea.get_Items()
   at EPiServer.Cms.Shell.Json.Internal.ContentAreaConverter.WriteJson(JsonWriter writer, Object value, JsonSerializer serializer)
   at Newtonsoft.Json.Serialization.JsonSerializerInternalWriter.SerializeConvertable(JsonWriter writer, JsonConverter converter, Object value, JsonContract contract, JsonContainerContract collectionContract, JsonProperty containerProperty)
   at Newtonsoft.Json.Serialization.JsonSerializerInternalWriter.SerializeValue(JsonWriter writer, Object value, JsonContract valueContract, JsonProperty member, JsonContainerContract containerContract, JsonProperty containerProperty)
   at Newtonsoft.Json.Serialization.JsonSerializerInternalWriter.SerializeDictionary(JsonWriter writer, IDictionary values, JsonDictionaryContract contract, JsonProperty member, JsonContainerContract collectionContract, JsonProperty containerProperty)
   at Newtonsoft.Json.Serialization.JsonSerializerInternalWriter.SerializeValue(JsonWriter writer, Object value, JsonContract valueContract, JsonProperty member, JsonContainerContract containerContract, JsonProperty containerProperty)
   at Newtonsoft.Json.Serialization.JsonSerializerInternalWriter.SerializeObject(JsonWriter writer, Object value, JsonObjectContract contract, JsonProperty member, JsonContainerContract collectionContract, JsonProperty containerProperty)
   at Newtonsoft.Json.Serialization.JsonSerializerInternalWriter.SerializeValue(JsonWriter writer, Object value, JsonContract valueContract, JsonProperty member, JsonContainerContract containerContract, JsonProperty containerProperty)
   at Newtonsoft.Json.Serialization.JsonSerializerInternalWriter.Serialize(JsonWriter jsonWriter, Object value, Type objectType)
   at Newtonsoft.Json.JsonSerializer.SerializeInternal(JsonWriter jsonWriter, Object value, Type objectType)
   at EPiServer.Framework.Serialization.Json.Internal.JsonObjectSerializer.Serialize(TextWriter textWriter, Object value)
   at EPiServer.Shell.Services.Rest.RestResultBase.ExecuteResult(ControllerContext context)
   at EPiServer.Shell.Services.Rest.RestResult.ExecuteResult(ControllerContext context)
   at System.Web.Mvc.ControllerActionInvoker.InvokeActionResult(ControllerContext controllerContext, ActionResult actionResult)
   at System.Web.Mvc.ControllerActionInvoker.InvokeActionResultFilterRecursive(IList`1 filters, Int32 filterIndex, ResultExecutingContext preContext, ControllerContext controllerContext, ActionResult actionResult)
   at System.Web.Mvc.ControllerActionInvoker.InvokeActionResultFilterRecursive(IList`1 filters, Int32 filterIndex, ResultExecutingContext preContext, ControllerContext controllerContext, ActionResult actionResult)
   at System.Web.Mvc.ControllerActionInvoker.InvokeActionResultFilterRecursive(IList`1 filters, Int32 filterIndex, ResultExecutingContext preContext, ControllerContext controllerContext, ActionResult actionResult)
   at System.Web.Mvc.ControllerActionInvoker.InvokeActionResultFilterRecursive(IList`1 filters, Int32 filterIndex, ResultExecutingContext preContext, ControllerContext controllerContext, ActionResult actionResult)
   at System.Web.Mvc.ControllerActionInvoker.InvokeActionResultFilterRecursive(IList`1 filters, Int32 filterIndex, ResultExecutingContext preContext, ControllerContext controllerContext, ActionResult actionResult)
   at System.Web.Mvc.ControllerActionInvoker.InvokeActionResultWithFilters(ControllerContext controllerContext, IList`1 filters, ActionResult actionResult)
   at System.Web.Mvc.Async.AsyncControllerActionInvoker.<>c__DisplayClass21.<>c__DisplayClass2b.<BeginInvokeAction>b__1c()
   at System.Web.Mvc.Async.AsyncControllerActionInvoker.<>c__DisplayClass21.<BeginInvokeAction>b__1e(IAsyncResult asyncResult)
   at System.Web.Mvc.Async.AsyncResultWrapper.WrappedAsyncResult`1.CallEndDelegate(IAsyncResult asyncResult)
   at System.Web.Mvc.Async.AsyncResultWrapper.WrappedAsyncResultBase`1.End()
   at System.Web.Mvc.Async.AsyncControllerActionInvoker.EndInvokeAction(IAsyncResult asyncResult)
   at EPiServer.Shell.Services.Rest.RestControllerBase.EndExecute(IAsyncResult asyncResult)
   at EPiServer.Shell.Services.Rest.RestHttpHandler.EndProcessRequest(IAsyncResult result)
   at System.Web.HttpApplication.CallHandlerExecutionStep.System.Web.HttpApplication.IExecutionStep.Execute()
   at System.Web.HttpApplication.ExecuteStepImpl(IExecutionStep step)
   at System.Web.HttpApplication.ExecuteStep(IExecutionStep step, Boolean& completedSynchronously)
System.InvalidOperationException: There is already an open DataReader associated with this Command which must be closed first.
   at System.Data.SqlClient.SqlInternalConnectionTds.ValidateConnectionForExecute(SqlCommand command)
   at System.Data.SqlClient.SqlConnection.ValidateConnectionForExecute(String method, SqlCommand command)
   at System.Data.SqlClient.SqlCommand.ValidateCommand(String method, Boolean async)
   at System.Data.SqlClient.SqlCommand.RunExecuteReader(CommandBehavior cmdBehavior, RunBehavior runBehavior, Boolean returnStream, String method, TaskCompletionSource`1 completion, Int32 timeout, Task& task, Boolean& usedCache, Boolean asyncWrite, Boolean inRetry)
   at System.Data.SqlClient.SqlCommand.RunExecuteReader(CommandBehavior cmdBehavior, RunBehavior runBehavior, Boolean returnStream, String method)
   at System.Data.SqlClient.SqlCommand.ExecuteReader(CommandBehavior behavior, String method)
   at System.Data.SqlClient.SqlCommand.ExecuteDbDataReader(CommandBehavior behavior)
   at System.Data.Common.DbCommand.ExecuteReader(CommandBehavior behavior)
   at EPiServer.DataAccess.Internal.CategoryDB.<>c__DisplayClass11_0.<Load>b__0()
   at EPiServer.Data.Providers.Internal.SqlDatabaseExecutor.<>c__DisplayClass31_0`1.<Execute>b__0()
   at EPiServer.Data.Providers.SqlTransientErrorsRetryPolicy.Execute[TResult](Func`1 method)
   at EPiServer.Data.Providers.Internal.SqlDatabaseExecutor.Execute[TResult](Func`1 action)
   at EPiServer.DataAccess.Internal.CategoryDB.Load(Int32 contentID, Int32 versionID, String scopeName, String languageBranch)
   at EPiServer.Core.PropertyCategory.get_Category()
   at EPiServer.Core.PropertyCategory.MakeReadOnly()
   at EPiServer.Core.PropertyDataCollection.MakeReadOnly()
   at EPiServer.Core.ContentData.MakeReadOnly()
   at Castle.Proxies.PageListBlockProxy.MakeReadOnly_callback()
   at Castle.Proxies.Invocations.ContentData_MakeReadOnly_2.InvokeMethodOnTarget()
   at Castle.DynamicProxy.AbstractInvocation.Proceed()
   at EPiServer.DataAbstraction.RuntimeModel.ContentDataInterceptor.Intercept(IInvocation invocation)
   at Castle.DynamicProxy.AbstractInvocation.Proceed()
   at EPiServer.DataAbstraction.RuntimeModel.Internal.SharedBlockInterceptor.Intercept(IInvocation invocation)
   at Castle.DynamicProxy.AbstractInvocation.Proceed()
   at Castle.Proxies.PageListBlockProxy.MakeReadOnly()
   at EPiServer.DataAccess.Internal.ContentDB.FinalizeContent(IContent content)
   at EPiServer.DataAccess.Internal.ContentLoadDB.LoadContentInternal(ContentReference contentLink, Int32 languageBranchId, DbDataReader reader)
   at EPiServer.DataAccess.Internal.ContentLoadDB.<>c__DisplayClass2_0.<Load>b__0()
   at EPiServer.Data.Providers.Internal.SqlDatabaseExecutor.<>c__DisplayClass31_0`1.<Execute>b__0()
   at EPiServer.Data.Providers.SqlTransientErrorsRetryPolicy.Execute[TResult](Func`1 method)
   at EPiServer.Data.Providers.Internal.SqlDatabaseExecutor.Execute[TResult](Func`1 action)
   at EPiServer.DataAccess.Internal.ContentLoadDB.Load(ContentReference contentLink, Int32 languageBranchID)
   at EPiServer.Core.Internal.DefaultContentProviderDatabase.Load(ContentReference contentLink, Int32 languageBranchID)
   at EPiServer.Core.Internal.DefaultContentProvider.LoadContent(ContentReference contentLink, ILanguageSelector languageSelector)
   at EPiServer.Core.ContentProvider.<>c__DisplayClass121_0.<LoadContentFromCacheOrRepository>b__0()
   at EPiServer.Framework.Cache.ObjectInstanceCacheExtensions.ReadThroughWithWait[T](IObjectInstanceCache cache, String cacheKey, Func`1 readValue, Func`2 evictionPolicy)
   at EPiServer.Framework.Cache.ObjectInstanceCacheExtensions.ReadThrough[T](IObjectInstanceCache cache, String key, Func`1 readValue, Func`2 evictionPolicy, ReadStrategy readStrategy)
   at EPiServer.Core.Internal.ContentInstanceCache.ReadThrough(ContentReference contentLink, String selectedLanguage, Func`1 readValue)
   at EPiServer.Core.ContentProvider.LoadContentFromCacheOrRepository(ContentReference contentreference, ILanguageSelector selector)
   at EPiServer.Core.ContentProvider.Load(ContentReference contentLink, ILanguageSelector selector)
   at EPiServer.Core.Internal.ProviderPipelineImplementation.GetItem(ContentProvider provider, ContentReference contentLink, LoaderOptions loaderOptions)
   at EPiServer.Core.Internal.DefaultContentLoader.TryGet[T](ContentReference contentLink, LoaderOptions loaderOptions, T& content)
   at EPiServer.Core.Internal.DefaultContentRepository.TryGet[T](ContentReference contentLink, LoaderOptions loaderOptions, T& content)
   at EPiServer.Core.Html.StringParsing.ContentFragment.GetContent(Boolean enableMasterLanguageFallback)
   at EPiServer.Core.Html.StringParsing.ContentFragment.GetSecurityDescriptor()
   at EPiServer.Core.ContentAreaItem..ctor(ContentFragment fragment)
   at EPiServer.Core.ContentArea.CreateContentAreaItem(ContentFragment fragment)
   at EPiServer.Core.ContentArea.<CreateContentAreaItemCollection>b__19_0(ContentFragment fragment)
   at System.Linq.Enumerable.WhereSelectEnumerableIterator`2.MoveNext()
   at System.Collections.Generic.List`1..ctor(IEnumerable`1 collection)
   at System.Linq.Enumerable.ToList[TSource](IEnumerable`1 source)
   at EPiServer.Core.ContentArea.CreateContentAreaItemCollection()
   at EPiServer.Core.ContentArea.get_Items()
   at EPiServer.Cms.Shell.Json.Internal.ContentAreaConverter.WriteJson(JsonWriter writer, Object value, JsonSerializer serializer)
   at Newtonsoft.Json.Serialization.JsonSerializerInternalWriter.SerializeConvertable(JsonWriter writer, JsonConverter converter, Object value, JsonContract contract, JsonContainerContract collectionContract, JsonProperty containerProperty)
   at Newtonsoft.Json.Serialization.JsonSerializerInternalWriter.SerializeValue(JsonWriter writer, Object value, JsonContract valueContract, JsonProperty member, JsonContainerContract containerContract, JsonProperty containerProperty)
   at Newtonsoft.Json.Serialization.JsonSerializerInternalWriter.SerializeDictionary(JsonWriter writer, IDictionary values, JsonDictionaryContract contract, JsonProperty member, JsonContainerContract collectionContract, JsonProperty containerProperty)
   at Newtonsoft.Json.Serialization.JsonSerializerInternalWriter.SerializeValue(JsonWriter writer, Object value, JsonContract valueContract, JsonProperty member, JsonContainerContract containerContract, JsonProperty containerProperty)
   at Newtonsoft.Json.Serialization.JsonSerializerInternalWriter.SerializeObject(JsonWriter writer, Object value, JsonObjectContract contract, JsonProperty member, JsonContainerContract collectionContract, JsonProperty containerProperty)
   at Newtonsoft.Json.Serialization.JsonSerializerInternalWriter.SerializeValue(JsonWriter writer, Object value, JsonContract valueContract, JsonProperty member, JsonContainerContract containerContract, JsonProperty containerProperty)
   at Newtonsoft.Json.Serialization.JsonSerializerInternalWriter.Serialize(JsonWriter jsonWriter, Object value, Type objectType)
   at Newtonsoft.Json.JsonSerializer.SerializeInternal(JsonWriter jsonWriter, Object value, Type objectType)
   at EPiServer.Framework.Serialization.Json.Internal.JsonObjectSerializer.Serialize(TextWriter textWriter, Object value)
   at EPiServer.Shell.Services.Rest.RestResultBase.ExecuteResult(ControllerContext context)
   at EPiServer.Shell.Services.Rest.RestResult.ExecuteResult(ControllerContext context)
   at System.Web.Mvc.ControllerActionInvoker.InvokeActionResult(ControllerContext controllerContext, ActionResult actionResult)
   at System.Web.Mvc.ControllerActionInvoker.InvokeActionResultFilterRecursive(IList`1 filters, Int32 filterIndex, ResultExecutingContext preContext, ControllerContext controllerContext, ActionResult actionResult)
   at System.Web.Mvc.ControllerActionInvoker.InvokeActionResultFilterRecursive(IList`1 filters, Int32 filterIndex, ResultExecutingContext preContext, ControllerContext controllerContext, ActionResult actionResult)
   at System.Web.Mvc.ControllerActionInvoker.InvokeActionResultFilterRecursive(IList`1 filters, Int32 filterIndex, ResultExecutingContext preContext, ControllerContext controllerContext, ActionResult actionResult)
   at System.Web.Mvc.ControllerActionInvoker.InvokeActionResultFilterRecursive(IList`1 filters, Int32 filterIndex, ResultExecutingContext preContext, ControllerContext controllerContext, ActionResult actionResult)
   at System.Web.Mvc.ControllerActionInvoker.InvokeActionResultFilterRecursive(IList`1 filters, Int32 filterIndex, ResultExecutingContext preContext, ControllerContext controllerContext, ActionResult actionResult)
   at System.Web.Mvc.ControllerActionInvoker.InvokeActionResultWithFilters(ControllerContext controllerContext, IList`1 filters, ActionResult actionResult)
   at System.Web.Mvc.Async.AsyncControllerActionInvoker.<>c__DisplayClass21.<>c__DisplayClass2b.<BeginInvokeAction>b__1c()
   at System.Web.Mvc.Async.AsyncControllerActionInvoker.<>c__DisplayClass21.<BeginInvokeAction>b__1e(IAsyncResult asyncResult)
   at System.Web.Mvc.Async.AsyncResultWrapper.WrappedAsyncResult`1.CallEndDelegate(IAsyncResult asyncResult)
   at System.Web.Mvc.Async.AsyncResultWrapper.WrappedAsyncResultBase`1.End()
   at System.Web.Mvc.Async.AsyncControllerActionInvoker.EndInvokeAction(IAsyncResult asyncResult)
   at EPiServer.Shell.Services.Rest.RestControllerBase.EndExecute(IAsyncResult asyncResult)
   at EPiServer.Shell.Services.Rest.RestHttpHandler.EndProcessRequest(IAsyncResult result)
   at System.Web.HttpApplication.CallHandlerExecutionStep.System.Web.HttpApplication.IExecutionStep.Execute()
   at System.Web.HttpApplication.ExecuteStepImpl(IExecutionStep step)
   at System.Web.HttpApplication.ExecuteStep(IExecutionStep step, Boolean& completedSynchronously)
2022-07-12 02:41:54,333 [72] ERROR EPiServer.Framework.Cache.ObjectInstanceCacheExtensions: Failed to Read cacheKey = 'EPPageData:65:en'
System.InvalidOperationException: There is already an open DataReader associated with this Command which must be closed first.
   at System.Data.SqlClient.SqlInternalConnectionTds.ValidateConnectionForExecute(SqlCommand command)
   at System.Data.SqlClient.SqlConnection.ValidateConnectionForExecute(String method, SqlCommand command)
   at System.Data.SqlClient.SqlCommand.ValidateCommand(String method, Boolean async)
   at System.Data.SqlClient.SqlCommand.RunExecuteReader(CommandBehavior cmdBehavior, RunBehavior runBehavior, Boolean returnStream, String method, TaskCompletionSource`1 completion, Int32 timeout, Task& task, Boolean& usedCache, Boolean asyncWrite, Boolean inRetry)
   at System.Data.SqlClient.SqlCommand.RunExecuteReader(CommandBehavior cmdBehavior, RunBehavior runBehavior, Boolean returnStream, String method)
   at System.Data.SqlClient.SqlCommand.ExecuteReader(CommandBehavior behavior, String method)
   at System.Data.SqlClient.SqlCommand.ExecuteDbDataReader(CommandBehavior behavior)
   at System.Data.Common.DbCommand.ExecuteReader(CommandBehavior behavior)
   at EPiServer.DataAccess.Internal.CategoryDB.<>c__DisplayClass11_0.<Load>b__0()
   at EPiServer.Data.Providers.Internal.SqlDatabaseExecutor.<>c__DisplayClass31_0`1.<Execute>b__0()
   at EPiServer.Data.Providers.SqlTransientErrorsRetryPolicy.Execute[TResult](Func`1 method)
   at EPiServer.Data.Providers.Internal.SqlDatabaseExecutor.Execute[TResult](Func`1 action)
   at EPiServer.DataAccess.Internal.CategoryDB.Load(Int32 contentID, Int32 versionID, String scopeName, String languageBranch)
   at EPiServer.Core.PropertyCategory.get_Category()
   at EPiServer.Core.PropertyCategory.MakeReadOnly()
   at EPiServer.Core.PropertyDataCollection.MakeReadOnly()
   at EPiServer.Core.ContentData.MakeReadOnly()
   at Castle.Proxies.PageListBlockProxy.MakeReadOnly_callback()
   at Castle.Proxies.Invocations.ContentData_MakeReadOnly_2.InvokeMethodOnTarget()
   at Castle.DynamicProxy.AbstractInvocation.Proceed()
   at EPiServer.DataAbstraction.RuntimeModel.ContentDataInterceptor.Intercept(IInvocation invocation)
   at Castle.DynamicProxy.AbstractInvocation.Proceed()
   at EPiServer.DataAbstraction.RuntimeModel.Internal.SharedBlockInterceptor.Intercept(IInvocation invocation)
   at Castle.DynamicProxy.AbstractInvocation.Proceed()
   at Castle.Proxies.PageListBlockProxy.MakeReadOnly()
   at EPiServer.DataAccess.Internal.ContentDB.FinalizeContent(IContent content)
   at EPiServer.DataAccess.Internal.ContentLoadDB.LoadContentInternal(ContentReference contentLink, Int32 languageBranchId, DbDataReader reader)
   at EPiServer.DataAccess.Internal.ContentLoadDB.<>c__DisplayClass2_0.<Load>b__0()
   at EPiServer.Data.Providers.Internal.SqlDatabaseExecutor.<>c__DisplayClass31_0`1.<Execute>b__0()
   at EPiServer.Data.Providers.SqlTransientErrorsRetryPolicy.Execute[TResult](Func`1 method)
   at EPiServer.Data.Providers.Internal.SqlDatabaseExecutor.Execute[TResult](Func`1 action)
   at EPiServer.DataAccess.Internal.ContentLoadDB.Load(ContentReference contentLink, Int32 languageBranchID)
   at EPiServer.Core.Internal.DefaultContentProviderDatabase.Load(ContentReference contentLink, Int32 languageBranchID)
   at EPiServer.Core.Internal.DefaultContentProvider.LoadContent(ContentReference contentLink, ILanguageSelector languageSelector)
   at EPiServer.Core.ContentProvider.<>c__DisplayClass121_0.<LoadContentFromCacheOrRepository>b__0()
   at EPiServer.Framework.Cache.ObjectInstanceCacheExtensions.ReadThroughWithWait[T](IObjectInstanceCache cache, String cacheKey, Func`1 readValue, Func`2 evictionPolicy)
System.InvalidOperationException: There is already an open DataReader associated with this Command which must be closed first.
   at System.Data.SqlClient.SqlInternalConnectionTds.ValidateConnectionForExecute(SqlCommand command)
   at System.Data.SqlClient.SqlConnection.ValidateConnectionForExecute(String method, SqlCommand command)
   at System.Data.SqlClient.SqlCommand.ValidateCommand(String method, Boolean async)
   at System.Data.SqlClient.SqlCommand.RunExecuteReader(CommandBehavior cmdBehavior, RunBehavior runBehavior, Boolean returnStream, String method, TaskCompletionSource`1 completion, Int32 timeout, Task& task, Boolean& usedCache, Boolean asyncWrite, Boolean inRetry)
   at System.Data.SqlClient.SqlCommand.RunExecuteReader(CommandBehavior cmdBehavior, RunBehavior runBehavior, Boolean returnStream, String method)
   at System.Data.SqlClient.SqlCommand.ExecuteReader(CommandBehavior behavior, String method)
   at System.Data.SqlClient.SqlCommand.ExecuteDbDataReader(CommandBehavior behavior)
   at System.Data.Common.DbCommand.ExecuteReader(CommandBehavior behavior)
   at EPiServer.DataAccess.Internal.CategoryDB.<>c__DisplayClass11_0.<Load>b__0()
   at EPiServer.Data.Providers.Internal.SqlDatabaseExecutor.<>c__DisplayClass31_0`1.<Execute>b__0()
   at EPiServer.Data.Providers.SqlTransientErrorsRetryPolicy.Execute[TResult](Func`1 method)
   at EPiServer.Data.Providers.Internal.SqlDatabaseExecutor.Execute[TResult](Func`1 action)
   at EPiServer.DataAccess.Internal.CategoryDB.Load(Int32 contentID, Int32 versionID, String scopeName, String languageBranch)
   at EPiServer.Core.PropertyCategory.get_Category()
   at EPiServer.Core.PropertyCategory.MakeReadOnly()
   at EPiServer.Core.PropertyDataCollection.MakeReadOnly()
   at EPiServer.Core.ContentData.MakeReadOnly()
   at Castle.Proxies.PageListBlockProxy.MakeReadOnly_callback()
   at Castle.Proxies.Invocations.ContentData_MakeReadOnly_2.InvokeMethodOnTarget()
   at Castle.DynamicProxy.AbstractInvocation.Proceed()
   at EPiServer.DataAbstraction.RuntimeModel.ContentDataInterceptor.Intercept(IInvocation invocation)
   at Castle.DynamicProxy.AbstractInvocation.Proceed()
   at EPiServer.DataAbstraction.RuntimeModel.Internal.SharedBlockInterceptor.Intercept(IInvocation invocation)
   at Castle.DynamicProxy.AbstractInvocation.Proceed()
   at Castle.Proxies.PageListBlockProxy.MakeReadOnly()
   at EPiServer.DataAccess.Internal.ContentDB.FinalizeContent(IContent content)
   at EPiServer.DataAccess.Internal.ContentLoadDB.LoadContentInternal(ContentReference contentLink, Int32 languageBranchId, DbDataReader reader)
   at EPiServer.DataAccess.Internal.ContentLoadDB.<>c__DisplayClass2_0.<Load>b__0()
   at EPiServer.Data.Providers.Internal.SqlDatabaseExecutor.<>c__DisplayClass31_0`1.<Execute>b__0()
   at EPiServer.Data.Providers.SqlTransientErrorsRetryPolicy.Execute[TResult](Func`1 method)
   at EPiServer.Data.Providers.Internal.SqlDatabaseExecutor.Execute[TResult](Func`1 action)
   at EPiServer.DataAccess.Internal.ContentLoadDB.Load(ContentReference contentLink, Int32 languageBranchID)
   at EPiServer.Core.Internal.DefaultContentProviderDatabase.Load(ContentReference contentLink, Int32 languageBranchID)
   at EPiServer.Core.Internal.DefaultContentProvider.LoadContent(ContentReference contentLink, ILanguageSelector languageSelector)
   at EPiServer.Core.ContentProvider.<>c__DisplayClass121_0.<LoadContentFromCacheOrRepository>b__0()
   at EPiServer.Framework.Cache.ObjectInstanceCacheExtensions.ReadThroughWithWait[T](IObjectInstanceCache cache, String cacheKey, Func`1 readValue, Func`2 evictionPolicy)
2022-07-12 02:41:54,335 [72] ERROR EPiServer.Global: Unhandled exception in ASP.NET
System.InvalidOperationException: There is already an open DataReader associated with this Command which must be closed first.
   at System.Data.SqlClient.SqlInternalConnectionTds.ValidateConnectionForExecute(SqlCommand command)
   at System.Data.SqlClient.SqlConnection.ValidateConnectionForExecute(String method, SqlCommand command)
   at System.Data.SqlClient.SqlCommand.ValidateCommand(String method, Boolean async)
   at System.Data.SqlClient.SqlCommand.RunExecuteReader(CommandBehavior cmdBehavior, RunBehavior runBehavior, Boolean returnStream, String method, TaskCompletionSource`1 completion, Int32 timeout, Task& task, Boolean& usedCache, Boolean asyncWrite, Boolean inRetry)
   at System.Data.SqlClient.SqlCommand.RunExecuteReader(CommandBehavior cmdBehavior, RunBehavior runBehavior, Boolean returnStream, String method)
   at System.Data.SqlClient.SqlCommand.ExecuteReader(CommandBehavior behavior, String method)
   at System.Data.SqlClient.SqlCommand.ExecuteDbDataReader(CommandBehavior behavior)
   at System.Data.Common.DbCommand.ExecuteReader(CommandBehavior behavior)
   at EPiServer.DataAccess.Internal.CategoryDB.<>c__DisplayClass11_0.<Load>b__0()
   at EPiServer.Data.Providers.Internal.SqlDatabaseExecutor.<>c__DisplayClass31_0`1.<Execute>b__0()
   at EPiServer.Data.Providers.SqlTransientErrorsRetryPolicy.Execute[TResult](Func`1 method)
   at EPiServer.Data.Providers.Internal.SqlDatabaseExecutor.Execute[TResult](Func`1 action)
   at EPiServer.DataAccess.Internal.CategoryDB.Load(Int32 contentID, Int32 versionID, String scopeName, String languageBranch)
   at EPiServer.Core.PropertyCategory.get_Category()
   at EPiServer.Core.PropertyCategory.MakeReadOnly()
   at EPiServer.Core.PropertyDataCollection.MakeReadOnly()
   at EPiServer.Core.ContentData.MakeReadOnly()
   at Castle.Proxies.PageListBlockProxy.MakeReadOnly_callback()
   at Castle.Proxies.Invocations.ContentData_MakeReadOnly_2.InvokeMethodOnTarget()
   at Castle.DynamicProxy.AbstractInvocation.Proceed()
   at EPiServer.DataAbstraction.RuntimeModel.ContentDataInterceptor.Intercept(IInvocation invocation)
   at Castle.DynamicProxy.AbstractInvocation.Proceed()
   at EPiServer.DataAbstraction.RuntimeModel.Internal.SharedBlockInterceptor.Intercept(IInvocation invocation)
   at Castle.DynamicProxy.AbstractInvocation.Proceed()
   at Castle.Proxies.PageListBlockProxy.MakeReadOnly()
   at EPiServer.DataAccess.Internal.ContentDB.FinalizeContent(IContent content)
   at EPiServer.DataAccess.Internal.ContentLoadDB.LoadContentInternal(ContentReference contentLink, Int32 languageBranchId, DbDataReader reader)
   at EPiServer.DataAccess.Internal.ContentLoadDB.<>c__DisplayClass2_0.<Load>b__0()
   at EPiServer.Data.Providers.Internal.SqlDatabaseExecutor.<>c__DisplayClass31_0`1.<Execute>b__0()
   at EPiServer.Data.Providers.SqlTransientErrorsRetryPolicy.Execute[TResult](Func`1 method)
   at EPiServer.Data.Providers.Internal.SqlDatabaseExecutor.Execute[TResult](Func`1 action)
   at EPiServer.DataAccess.Internal.ContentLoadDB.Load(ContentReference contentLink, Int32 languageBranchID)
   at EPiServer.Core.Internal.DefaultContentProviderDatabase.Load(ContentReference contentLink, Int32 languageBranchID)
   at EPiServer.Core.Internal.DefaultContentProvider.LoadContent(ContentReference contentLink, ILanguageSelector languageSelector)
   at EPiServer.Core.ContentProvider.<>c__DisplayClass121_0.<LoadContentFromCacheOrRepository>b__0()
   at EPiServer.Framework.Cache.ObjectInstanceCacheExtensions.ReadThroughWithWait[T](IObjectInstanceCache cache, String cacheKey, Func`1 readValue, Func`2 evictionPolicy)
   at EPiServer.Framework.Cache.ObjectInstanceCacheExtensions.ReadThrough[T](IObjectInstanceCache cache, String key, Func`1 readValue, Func`2 evictionPolicy, ReadStrategy readStrategy)
   at EPiServer.Core.Internal.ContentInstanceCache.ReadThrough(ContentReference contentLink, String selectedLanguage, Func`1 readValue)
   at EPiServer.Core.ContentProvider.LoadContentFromCacheOrRepository(ContentReference contentreference, ILanguageSelector selector)
   at EPiServer.Core.ContentProvider.Load(ContentReference contentLink, ILanguageSelector selector)
   at EPiServer.Core.Internal.ProviderPipelineImplementation.GetItem(ContentProvider provider, ContentReference contentLink, LoaderOptions loaderOptions)
   at EPiServer.Core.Internal.DefaultContentLoader.TryGet[T](ContentReference contentLink, LoaderOptions loaderOptions, T& content)
   at EPiServer.Core.Internal.DefaultContentRepository.TryGet[T](ContentReference contentLink, LoaderOptions loaderOptions, T& content)
   at EPiServer.Core.Html.StringParsing.ContentFragment.GetContent(Boolean enableMasterLanguageFallback)
   at EPiServer.Core.Html.StringParsing.ContentFragment.GetSecurityDescriptor()
   at EPiServer.Core.ContentAreaItem..ctor(ContentFragment fragment)
   at EPiServer.Core.ContentArea.CreateContentAreaItem(ContentFragment fragment)
   at EPiServer.Core.ContentArea.<CreateContentAreaItemCollection>b__19_0(ContentFragment fragment)
   at System.Linq.Enumerable.WhereSelectEnumerableIterator`2.MoveNext()
   at System.Collections.Generic.List`1..ctor(IEnumerable`1 collection)
   at System.Linq.Enumerable.ToList[TSource](IEnumerable`1 source)
   at EPiServer.Core.ContentArea.CreateContentAreaItemCollection()
   at EPiServer.Core.ContentArea.get_Items()
   at EPiServer.Cms.Shell.Json.Internal.ContentAreaConverter.WriteJson(JsonWriter writer, Object value, JsonSerializer serializer)
   at Newtonsoft.Json.Serialization.JsonSerializerInternalWriter.SerializeConvertable(JsonWriter writer, JsonConverter converter, Object value, JsonContract contract, JsonContainerContract collectionContract, JsonProperty containerProperty)
   at Newtonsoft.Json.Serialization.JsonSerializerInternalWriter.SerializeValue(JsonWriter writer, Object value, JsonContract valueContract, JsonProperty member, JsonContainerContract containerContract, JsonProperty containerProperty)
   at Newtonsoft.Json.Serialization.JsonSerializerInternalWriter.SerializeDictionary(JsonWriter writer, IDictionary values, JsonDictionaryContract contract, JsonProperty member, JsonContainerContract collectionContract, JsonProperty containerProperty)
   at Newtonsoft.Json.Serialization.JsonSerializerInternalWriter.SerializeValue(JsonWriter writer, Object value, JsonContract valueContract, JsonProperty member, JsonContainerContract containerContract, JsonProperty containerProperty)
   at Newtonsoft.Json.Serialization.JsonSerializerInternalWriter.SerializeObject(JsonWriter writer, Object value, JsonObjectContract contract, JsonProperty member, JsonContainerContract collectionContract, JsonProperty containerProperty)
   at Newtonsoft.Json.Serialization.JsonSerializerInternalWriter.SerializeValue(JsonWriter writer, Object value, JsonContract valueContract, JsonProperty member, JsonContainerContract containerContract, JsonProperty containerProperty)
   at Newtonsoft.Json.Serialization.JsonSerializerInternalWriter.Serialize(JsonWriter jsonWriter, Object value, Type objectType)
   at Newtonsoft.Json.JsonSerializer.SerializeInternal(JsonWriter jsonWriter, Object value, Type objectType)
   at EPiServer.Framework.Serialization.Json.Internal.JsonObjectSerializer.Serialize(TextWriter textWriter, Object value)
   at EPiServer.Shell.Services.Rest.RestResultBase.ExecuteResult(ControllerContext context)
   at EPiServer.Shell.Services.Rest.RestResult.ExecuteResult(ControllerContext context)
   at System.Web.Mvc.ControllerActionInvoker.InvokeActionResult(ControllerContext controllerContext, ActionResult actionResult)
   at System.Web.Mvc.ControllerActionInvoker.InvokeActionResultFilterRecursive(IList`1 filters, Int32 filterIndex, ResultExecutingContext preContext, ControllerContext controllerContext, ActionResult actionResult)
   at System.Web.Mvc.ControllerActionInvoker.InvokeActionResultFilterRecursive(IList`1 filters, Int32 filterIndex, ResultExecutingContext preContext, ControllerContext controllerContext, ActionResult actionResult)
   at System.Web.Mvc.ControllerActionInvoker.InvokeActionResultFilterRecursive(IList`1 filters, Int32 filterIndex, ResultExecutingContext preContext, ControllerContext controllerContext, ActionResult actionResult)
   at System.Web.Mvc.ControllerActionInvoker.InvokeActionResultFilterRecursive(IList`1 filters, Int32 filterIndex, ResultExecutingContext preContext, ControllerContext controllerContext, ActionResult actionResult)
   at System.Web.Mvc.ControllerActionInvoker.InvokeActionResultFilterRecursive(IList`1 filters, Int32 filterIndex, ResultExecutingContext preContext, ControllerContext controllerContext, ActionResult actionResult)
   at System.Web.Mvc.ControllerActionInvoker.InvokeActionResultWithFilters(ControllerContext controllerContext, IList`1 filters, ActionResult actionResult)
   at System.Web.Mvc.Async.AsyncControllerActionInvoker.<>c__DisplayClass21.<>c__DisplayClass2b.<BeginInvokeAction>b__1c()
   at System.Web.Mvc.Async.AsyncControllerActionInvoker.<>c__DisplayClass21.<BeginInvokeAction>b__1e(IAsyncResult asyncResult)
   at System.Web.Mvc.Async.AsyncResultWrapper.WrappedAsyncResult`1.CallEndDelegate(IAsyncResult asyncResult)
   at System.Web.Mvc.Async.AsyncResultWrapper.WrappedAsyncResultBase`1.End()
   at System.Web.Mvc.Async.AsyncControllerActionInvoker.EndInvokeAction(IAsyncResult asyncResult)
   at EPiServer.Shell.Services.Rest.RestControllerBase.EndExecute(IAsyncResult asyncResult)
   at EPiServer.Shell.Services.Rest.RestHttpHandler.EndProcessRequest(IAsyncResult result)
   at System.Web.HttpApplication.CallHandlerExecutionStep.System.Web.HttpApplication.IExecutionStep.Execute()
   at System.Web.HttpApplication.ExecuteStepImpl(IExecutionStep step)
   at System.Web.HttpApplication.ExecuteStep(IExecutionStep step, Boolean& completedSynchronously)
System.InvalidOperationException: There is already an open DataReader associated with this Command which must be closed first.
   at System.Data.SqlClient.SqlInternalConnectionTds.ValidateConnectionForExecute(SqlCommand command)
   at System.Data.SqlClient.SqlConnection.ValidateConnectionForExecute(String method, SqlCommand command)
   at System.Data.SqlClient.SqlCommand.ValidateCommand(String method, Boolean async)
   at System.Data.SqlClient.SqlCommand.RunExecuteReader(CommandBehavior cmdBehavior, RunBehavior runBehavior, Boolean returnStream, String method, TaskCompletionSource`1 completion, Int32 timeout, Task& task, Boolean& usedCache, Boolean asyncWrite, Boolean inRetry)
   at System.Data.SqlClient.SqlCommand.RunExecuteReader(CommandBehavior cmdBehavior, RunBehavior runBehavior, Boolean returnStream, String method)
   at System.Data.SqlClient.SqlCommand.ExecuteReader(CommandBehavior behavior, String method)
   at System.Data.SqlClient.SqlCommand.ExecuteDbDataReader(CommandBehavior behavior)
   at System.Data.Common.DbCommand.ExecuteReader(CommandBehavior behavior)
   at EPiServer.DataAccess.Internal.CategoryDB.<>c__DisplayClass11_0.<Load>b__0()
   at EPiServer.Data.Providers.Internal.SqlDatabaseExecutor.<>c__DisplayClass31_0`1.<Execute>b__0()
   at EPiServer.Data.Providers.SqlTransientErrorsRetryPolicy.Execute[TResult](Func`1 method)
   at EPiServer.Data.Providers.Internal.SqlDatabaseExecutor.Execute[TResult](Func`1 action)
   at EPiServer.DataAccess.Internal.CategoryDB.Load(Int32 contentID, Int32 versionID, String scopeName, String languageBranch)
   at EPiServer.Core.PropertyCategory.get_Category()
   at EPiServer.Core.PropertyCategory.MakeReadOnly()
   at EPiServer.Core.PropertyDataCollection.MakeReadOnly()
   at EPiServer.Core.ContentData.MakeReadOnly()
   at Castle.Proxies.PageListBlockProxy.MakeReadOnly_callback()
   at Castle.Proxies.Invocations.ContentData_MakeReadOnly_2.InvokeMethodOnTarget()
   at Castle.DynamicProxy.AbstractInvocation.Proceed()
   at EPiServer.DataAbstraction.RuntimeModel.ContentDataInterceptor.Intercept(IInvocation invocation)
   at Castle.DynamicProxy.AbstractInvocation.Proceed()
   at EPiServer.DataAbstraction.RuntimeModel.Internal.SharedBlockInterceptor.Intercept(IInvocation invocation)
   at Castle.DynamicProxy.AbstractInvocation.Proceed()
   at Castle.Proxies.PageListBlockProxy.MakeReadOnly()
   at EPiServer.DataAccess.Internal.ContentDB.FinalizeContent(IContent content)
   at EPiServer.DataAccess.Internal.ContentLoadDB.LoadContentInternal(ContentReference contentLink, Int32 languageBranchId, DbDataReader reader)
   at EPiServer.DataAccess.Internal.ContentLoadDB.<>c__DisplayClass2_0.<Load>b__0()
   at EPiServer.Data.Providers.Internal.SqlDatabaseExecutor.<>c__DisplayClass31_0`1.<Execute>b__0()
   at EPiServer.Data.Providers.SqlTransientErrorsRetryPolicy.Execute[TResult](Func`1 method)
   at EPiServer.Data.Providers.Internal.SqlDatabaseExecutor.Execute[TResult](Func`1 action)
   at EPiServer.DataAccess.Internal.ContentLoadDB.Load(ContentReference contentLink, Int32 languageBranchID)
   at EPiServer.Core.Internal.DefaultContentProviderDatabase.Load(ContentReference contentLink, Int32 languageBranchID)
   at EPiServer.Core.Internal.DefaultContentProvider.LoadContent(ContentReference contentLink, ILanguageSelector languageSelector)
   at EPiServer.Core.ContentProvider.<>c__DisplayClass121_0.<LoadContentFromCacheOrRepository>b__0()
   at EPiServer.Framework.Cache.ObjectInstanceCacheExtensions.ReadThroughWithWait[T](IObjectInstanceCache cache, String cacheKey, Func`1 readValue, Func`2 evictionPolicy)
   at EPiServer.Framework.Cache.ObjectInstanceCacheExtensions.ReadThrough[T](IObjectInstanceCache cache, String key, Func`1 readValue, Func`2 evictionPolicy, ReadStrategy readStrategy)
   at EPiServer.Core.Internal.ContentInstanceCache.ReadThrough(ContentReference contentLink, String selectedLanguage, Func`1 readValue)
   at EPiServer.Core.ContentProvider.LoadContentFromCacheOrRepository(ContentReference contentreference, ILanguageSelector selector)
   at EPiServer.Core.ContentProvider.Load(ContentReference contentLink, ILanguageSelector selector)
   at EPiServer.Core.Internal.ProviderPipelineImplementation.GetItem(ContentProvider provider, ContentReference contentLink, LoaderOptions loaderOptions)
   at EPiServer.Core.Internal.DefaultContentLoader.TryGet[T](ContentReference contentLink, LoaderOptions loaderOptions, T& content)
   at EPiServer.Core.Internal.DefaultContentRepository.TryGet[T](ContentReference contentLink, LoaderOptions loaderOptions, T& content)
   at EPiServer.Core.Html.StringParsing.ContentFragment.GetContent(Boolean enableMasterLanguageFallback)
   at EPiServer.Core.Html.StringParsing.ContentFragment.GetSecurityDescriptor()
   at EPiServer.Core.ContentAreaItem..ctor(ContentFragment fragment)
   at EPiServer.Core.ContentArea.CreateContentAreaItem(ContentFragment fragment)
   at EPiServer.Core.ContentArea.<CreateContentAreaItemCollection>b__19_0(ContentFragment fragment)
   at System.Linq.Enumerable.WhereSelectEnumerableIterator`2.MoveNext()
   at System.Collections.Generic.List`1..ctor(IEnumerable`1 collection)
   at System.Linq.Enumerable.ToList[TSource](IEnumerable`1 source)
   at EPiServer.Core.ContentArea.CreateContentAreaItemCollection()
   at EPiServer.Core.ContentArea.get_Items()
   at EPiServer.Cms.Shell.Json.Internal.ContentAreaConverter.WriteJson(JsonWriter writer, Object value, JsonSerializer serializer)
   at Newtonsoft.Json.Serialization.JsonSerializerInternalWriter.SerializeConvertable(JsonWriter writer, JsonConverter converter, Object value, JsonContract contract, JsonContainerContract collectionContract, JsonProperty containerProperty)
   at Newtonsoft.Json.Serialization.JsonSerializerInternalWriter.SerializeValue(JsonWriter writer, Object value, JsonContract valueContract, JsonProperty member, JsonContainerContract containerContract, JsonProperty containerProperty)
   at Newtonsoft.Json.Serialization.JsonSerializerInternalWriter.SerializeDictionary(JsonWriter writer, IDictionary values, JsonDictionaryContract contract, JsonProperty member, JsonContainerContract collectionContract, JsonProperty containerProperty)
   at Newtonsoft.Json.Serialization.JsonSerializerInternalWriter.SerializeValue(JsonWriter writer, Object value, JsonContract valueContract, JsonProperty member, JsonContainerContract containerContract, JsonProperty containerProperty)
   at Newtonsoft.Json.Serialization.JsonSerializerInternalWriter.SerializeObject(JsonWriter writer, Object value, JsonObjectContract contract, JsonProperty member, JsonContainerContract collectionContract, JsonProperty containerProperty)
   at Newtonsoft.Json.Serialization.JsonSerializerInternalWriter.SerializeValue(JsonWriter writer, Object value, JsonContract valueContract, JsonProperty member, JsonContainerContract containerContract, JsonProperty containerProperty)
   at Newtonsoft.Json.Serialization.JsonSerializerInternalWriter.Serialize(JsonWriter jsonWriter, Object value, Type objectType)
   at Newtonsoft.Json.JsonSerializer.SerializeInternal(JsonWriter jsonWriter, Object value, Type objectType)
   at EPiServer.Framework.Serialization.Json.Internal.JsonObjectSerializer.Serialize(TextWriter textWriter, Object value)
   at EPiServer.Shell.Services.Rest.RestResultBase.ExecuteResult(ControllerContext context)
   at EPiServer.Shell.Services.Rest.RestResult.ExecuteResult(ControllerContext context)
   at System.Web.Mvc.ControllerActionInvoker.InvokeActionResult(ControllerContext controllerContext, ActionResult actionResult)
   at System.Web.Mvc.ControllerActionInvoker.InvokeActionResultFilterRecursive(IList`1 filters, Int32 filterIndex, ResultExecutingContext preContext, ControllerContext controllerContext, ActionResult actionResult)
   at System.Web.Mvc.ControllerActionInvoker.InvokeActionResultFilterRecursive(IList`1 filters, Int32 filterIndex, ResultExecutingContext preContext, ControllerContext controllerContext, ActionResult actionResult)
   at System.Web.Mvc.ControllerActionInvoker.InvokeActionResultFilterRecursive(IList`1 filters, Int32 filterIndex, ResultExecutingContext preContext, ControllerContext controllerContext, ActionResult actionResult)
   at System.Web.Mvc.ControllerActionInvoker.InvokeActionResultFilterRecursive(IList`1 filters, Int32 filterIndex, ResultExecutingContext preContext, ControllerContext controllerContext, ActionResult actionResult)
   at System.Web.Mvc.ControllerActionInvoker.InvokeActionResultFilterRecursive(IList`1 filters, Int32 filterIndex, ResultExecutingContext preContext, ControllerContext controllerContext, ActionResult actionResult)
   at System.Web.Mvc.ControllerActionInvoker.InvokeActionResultWithFilters(ControllerContext controllerContext, IList`1 filters, ActionResult actionResult)
   at System.Web.Mvc.Async.AsyncControllerActionInvoker.<>c__DisplayClass21.<>c__DisplayClass2b.<BeginInvokeAction>b__1c()
   at System.Web.Mvc.Async.AsyncControllerActionInvoker.<>c__DisplayClass21.<BeginInvokeAction>b__1e(IAsyncResult asyncResult)
   at System.Web.Mvc.Async.AsyncResultWrapper.WrappedAsyncResult`1.CallEndDelegate(IAsyncResult asyncResult)
   at System.Web.Mvc.Async.AsyncResultWrapper.WrappedAsyncResultBase`1.End()
   at System.Web.Mvc.Async.AsyncControllerActionInvoker.EndInvokeAction(IAsyncResult asyncResult)
   at EPiServer.Shell.Services.Rest.RestControllerBase.EndExecute(IAsyncResult asyncResult)
   at EPiServer.Shell.Services.Rest.RestHttpHandler.EndProcessRequest(IAsyncResult result)
   at System.Web.HttpApplication.CallHandlerExecutionStep.System.Web.HttpApplication.IExecutionStep.Execute()
   at System.Web.HttpApplication.ExecuteStepImpl(IExecutionStep step)
   at System.Web.HttpApplication.ExecuteStep(IExecutionStep step, Boolean& completedSynchronously)
2022-07-12 04:06:13,992 [56] ERROR EPiServer.Framework.Cache.ObjectInstanceCacheExtensions: Failed to Read cacheKey = 'EPPageData:55:en'
System.InvalidOperationException: There is already an open DataReader associated with this Command which must be closed first.
   at System.Data.SqlClient.SqlInternalConnectionTds.ValidateConnectionForExecute(SqlCommand command)
   at System.Data.SqlClient.SqlConnection.ValidateConnectionForExecute(String method, SqlCommand command)
   at System.Data.SqlClient.SqlCommand.ValidateCommand(String method, Boolean async)
   at System.Data.SqlClient.SqlCommand.RunExecuteReader(CommandBehavior cmdBehavior, RunBehavior runBehavior, Boolean returnStream, String method, TaskCompletionSource`1 completion, Int32 timeout, Task& task, Boolean& usedCache, Boolean asyncWrite, Boolean inRetry)
   at System.Data.SqlClient.SqlCommand.RunExecuteReader(CommandBehavior cmdBehavior, RunBehavior runBehavior, Boolean returnStream, String method)
   at System.Data.SqlClient.SqlCommand.ExecuteReader(CommandBehavior behavior, String method)
   at System.Data.SqlClient.SqlCommand.ExecuteDbDataReader(CommandBehavior behavior)
   at System.Data.Common.DbCommand.ExecuteReader(CommandBehavior behavior)
   at EPiServer.DataAccess.Internal.CategoryDB.<>c__DisplayClass11_0.<Load>b__0()
   at EPiServer.Data.Providers.Internal.SqlDatabaseExecutor.<>c__DisplayClass31_0`1.<Execute>b__0()
   at EPiServer.Data.Providers.SqlTransientErrorsRetryPolicy.Execute[TResult](Func`1 method)
   at EPiServer.Data.Providers.Internal.SqlDatabaseExecutor.Execute[TResult](Func`1 action)
   at EPiServer.DataAccess.Internal.CategoryDB.Load(Int32 contentID, Int32 versionID, String scopeName, String languageBranch)
   at EPiServer.Core.PropertyCategory.get_Category()
   at EPiServer.Core.PropertyCategory.MakeReadOnly()
   at EPiServer.Core.PropertyDataCollection.MakeReadOnly()
   at EPiServer.Core.ContentData.MakeReadOnly()
   at Castle.Proxies.PageListBlockProxy.MakeReadOnly_callback()
   at Castle.Proxies.Invocations.ContentData_MakeReadOnly_2.InvokeMethodOnTarget()
   at Castle.DynamicProxy.AbstractInvocation.Proceed()
   at EPiServer.DataAbstraction.RuntimeModel.ContentDataInterceptor.Intercept(IInvocation invocation)
   at Castle.DynamicProxy.AbstractInvocation.Proceed()
   at EPiServer.DataAbstraction.RuntimeModel.Internal.SharedBlockInterceptor.Intercept(IInvocation invocation)
   at Castle.DynamicProxy.AbstractInvocation.Proceed()
   at Castle.Proxies.PageListBlockProxy.MakeReadOnly()
   at EPiServer.DataAccess.Internal.ContentDB.FinalizeContent(IContent content)
   at EPiServer.DataAccess.Internal.ContentLoadDB.LoadContentInternal(ContentReference contentLink, Int32 languageBranchId, DbDataReader reader)
   at EPiServer.DataAccess.Internal.ContentLoadDB.<>c__DisplayClass2_0.<Load>b__0()
   at EPiServer.Data.Providers.Internal.SqlDatabaseExecutor.<>c__DisplayClass31_0`1.<Execute>b__0()
   at EPiServer.Data.Providers.SqlTransientErrorsRetryPolicy.Execute[TResult](Func`1 method)
   at EPiServer.Data.Providers.Internal.SqlDatabaseExecutor.Execute[TResult](Func`1 action)
   at EPiServer.DataAccess.Internal.ContentLoadDB.Load(ContentReference contentLink, Int32 languageBranchID)
   at EPiServer.Core.Internal.DefaultContentProviderDatabase.Load(ContentReference contentLink, Int32 languageBranchID)
   at EPiServer.Core.Internal.DefaultContentProvider.LoadContent(ContentReference contentLink, ILanguageSelector languageSelector)
   at EPiServer.Core.ContentProvider.<>c__DisplayClass121_0.<LoadContentFromCacheOrRepository>b__0()
   at EPiServer.Framework.Cache.ObjectInstanceCacheExtensions.ReadThroughWithWait[T](IObjectInstanceCache cache, String cacheKey, Func`1 readValue, Func`2 evictionPolicy)
System.InvalidOperationException: There is already an open DataReader associated with this Command which must be closed first.
   at System.Data.SqlClient.SqlInternalConnectionTds.ValidateConnectionForExecute(SqlCommand command)
   at System.Data.SqlClient.SqlConnection.ValidateConnectionForExecute(String method, SqlCommand command)
   at System.Data.SqlClient.SqlCommand.ValidateCommand(String method, Boolean async)
   at System.Data.SqlClient.SqlCommand.RunExecuteReader(CommandBehavior cmdBehavior, RunBehavior runBehavior, Boolean returnStream, String method, TaskCompletionSource`1 completion, Int32 timeout, Task& task, Boolean& usedCache, Boolean asyncWrite, Boolean inRetry)
   at System.Data.SqlClient.SqlCommand.RunExecuteReader(CommandBehavior cmdBehavior, RunBehavior runBehavior, Boolean returnStream, String method)
   at System.Data.SqlClient.SqlCommand.ExecuteReader(CommandBehavior behavior, String method)
   at System.Data.SqlClient.SqlCommand.ExecuteDbDataReader(CommandBehavior behavior)
   at System.Data.Common.DbCommand.ExecuteReader(CommandBehavior behavior)
   at EPiServer.DataAccess.Internal.CategoryDB.<>c__DisplayClass11_0.<Load>b__0()
   at EPiServer.Data.Providers.Internal.SqlDatabaseExecutor.<>c__DisplayClass31_0`1.<Execute>b__0()
   at EPiServer.Data.Providers.SqlTransientErrorsRetryPolicy.Execute[TResult](Func`1 method)
   at EPiServer.Data.Providers.Internal.SqlDatabaseExecutor.Execute[TResult](Func`1 action)
   at EPiServer.DataAccess.Internal.CategoryDB.Load(Int32 contentID, Int32 versionID, String scopeName, String languageBranch)
   at EPiServer.Core.PropertyCategory.get_Category()
   at EPiServer.Core.PropertyCategory.MakeReadOnly()
   at EPiServer.Core.PropertyDataCollection.MakeReadOnly()
   at EPiServer.Core.ContentData.MakeReadOnly()
   at Castle.Proxies.PageListBlockProxy.MakeReadOnly_callback()
   at Castle.Proxies.Invocations.ContentData_MakeReadOnly_2.InvokeMethodOnTarget()
   at Castle.DynamicProxy.AbstractInvocation.Proceed()
   at EPiServer.DataAbstraction.RuntimeModel.ContentDataInterceptor.Intercept(IInvocation invocation)
   at Castle.DynamicProxy.AbstractInvocation.Proceed()
   at EPiServer.DataAbstraction.RuntimeModel.Internal.SharedBlockInterceptor.Intercept(IInvocation invocation)
   at Castle.DynamicProxy.AbstractInvocation.Proceed()
   at Castle.Proxies.PageListBlockProxy.MakeReadOnly()
   at EPiServer.DataAccess.Internal.ContentDB.FinalizeContent(IContent content)
   at EPiServer.DataAccess.Internal.ContentLoadDB.LoadContentInternal(ContentReference contentLink, Int32 languageBranchId, DbDataReader reader)
   at EPiServer.DataAccess.Internal.ContentLoadDB.<>c__DisplayClass2_0.<Load>b__0()
   at EPiServer.Data.Providers.Internal.SqlDatabaseExecutor.<>c__DisplayClass31_0`1.<Execute>b__0()
   at EPiServer.Data.Providers.SqlTransientErrorsRetryPolicy.Execute[TResult](Func`1 method)
   at EPiServer.Data.Providers.Internal.SqlDatabaseExecutor.Execute[TResult](Func`1 action)
   at EPiServer.DataAccess.Internal.ContentLoadDB.Load(ContentReference contentLink, Int32 languageBranchID)
   at EPiServer.Core.Internal.DefaultContentProviderDatabase.Load(ContentReference contentLink, Int32 languageBranchID)
   at EPiServer.Core.Internal.DefaultContentProvider.LoadContent(ContentReference contentLink, ILanguageSelector languageSelector)
   at EPiServer.Core.ContentProvider.<>c__DisplayClass121_0.<LoadContentFromCacheOrRepository>b__0()
   at EPiServer.Framework.Cache.ObjectInstanceCacheExtensions.ReadThroughWithWait[T](IObjectInstanceCache cache, String cacheKey, Func`1 readValue, Func`2 evictionPolicy)
2022-07-12 04:06:13,993 [56] ERROR EPiServer.Global: Unhandled exception in ASP.NET
System.InvalidOperationException: There is already an open DataReader associated with this Command which must be closed first.
   at System.Data.SqlClient.SqlInternalConnectionTds.ValidateConnectionForExecute(SqlCommand command)
   at System.Data.SqlClient.SqlConnection.ValidateConnectionForExecute(String method, SqlCommand command)
   at System.Data.SqlClient.SqlCommand.ValidateCommand(String method, Boolean async)
   at System.Data.SqlClient.SqlCommand.RunExecuteReader(CommandBehavior cmdBehavior, RunBehavior runBehavior, Boolean returnStream, String method, TaskCompletionSource`1 completion, Int32 timeout, Task& task, Boolean& usedCache, Boolean asyncWrite, Boolean inRetry)
   at System.Data.SqlClient.SqlCommand.RunExecuteReader(CommandBehavior cmdBehavior, RunBehavior runBehavior, Boolean returnStream, String method)
   at System.Data.SqlClient.SqlCommand.ExecuteReader(CommandBehavior behavior, String method)
   at System.Data.SqlClient.SqlCommand.ExecuteDbDataReader(CommandBehavior behavior)
   at System.Data.Common.DbCommand.ExecuteReader(CommandBehavior behavior)
   at EPiServer.DataAccess.Internal.CategoryDB.<>c__DisplayClass11_0.<Load>b__0()
   at EPiServer.Data.Providers.Internal.SqlDatabaseExecutor.<>c__DisplayClass31_0`1.<Execute>b__0()
   at EPiServer.Data.Providers.SqlTransientErrorsRetryPolicy.Execute[TResult](Func`1 method)
   at EPiServer.Data.Providers.Internal.SqlDatabaseExecutor.Execute[TResult](Func`1 action)
   at EPiServer.DataAccess.Internal.CategoryDB.Load(Int32 contentID, Int32 versionID, String scopeName, String languageBranch)
   at EPiServer.Core.PropertyCategory.get_Category()
   at EPiServer.Core.PropertyCategory.MakeReadOnly()
   at EPiServer.Core.PropertyDataCollection.MakeReadOnly()
   at EPiServer.Core.ContentData.MakeReadOnly()
   at Castle.Proxies.PageListBlockProxy.MakeReadOnly_callback()
   at Castle.Proxies.Invocations.ContentData_MakeReadOnly_2.InvokeMethodOnTarget()
   at Castle.DynamicProxy.AbstractInvocation.Proceed()
   at EPiServer.DataAbstraction.RuntimeModel.ContentDataInterceptor.Intercept(IInvocation invocation)
   at Castle.DynamicProxy.AbstractInvocation.Proceed()
   at EPiServer.DataAbstraction.RuntimeModel.Internal.SharedBlockInterceptor.Intercept(IInvocation invocation)
   at Castle.DynamicProxy.AbstractInvocation.Proceed()
   at Castle.Proxies.PageListBlockProxy.MakeReadOnly()
   at EPiServer.DataAccess.Internal.ContentDB.FinalizeContent(IContent content)
   at EPiServer.DataAccess.Internal.ContentLoadDB.LoadContentInternal(ContentReference contentLink, Int32 languageBranchId, DbDataReader reader)
   at EPiServer.DataAccess.Internal.ContentLoadDB.<>c__DisplayClass2_0.<Load>b__0()
   at EPiServer.Data.Providers.Internal.SqlDatabaseExecutor.<>c__DisplayClass31_0`1.<Execute>b__0()
   at EPiServer.Data.Providers.SqlTransientErrorsRetryPolicy.Execute[TResult](Func`1 method)
   at EPiServer.Data.Providers.Internal.SqlDatabaseExecutor.Execute[TResult](Func`1 action)
   at EPiServer.DataAccess.Internal.ContentLoadDB.Load(ContentReference contentLink, Int32 languageBranchID)
   at EPiServer.Core.Internal.DefaultContentProviderDatabase.Load(ContentReference contentLink, Int32 languageBranchID)
   at EPiServer.Core.Internal.DefaultContentProvider.LoadContent(ContentReference contentLink, ILanguageSelector languageSelector)
   at EPiServer.Core.ContentProvider.<>c__DisplayClass121_0.<LoadContentFromCacheOrRepository>b__0()
   at EPiServer.Framework.Cache.ObjectInstanceCacheExtensions.ReadThroughWithWait[T](IObjectInstanceCache cache, String cacheKey, Func`1 readValue, Func`2 evictionPolicy)
   at EPiServer.Framework.Cache.ObjectInstanceCacheExtensions.ReadThrough[T](IObjectInstanceCache cache, String key, Func`1 readValue, Func`2 evictionPolicy, ReadStrategy readStrategy)
   at EPiServer.Core.Internal.ContentInstanceCache.ReadThrough(ContentReference contentLink, String selectedLanguage, Func`1 readValue)
   at EPiServer.Core.ContentProvider.LoadContentFromCacheOrRepository(ContentReference contentreference, ILanguageSelector selector)
   at EPiServer.Core.ContentProvider.Load(ContentReference contentLink, ILanguageSelector selector)
   at EPiServer.Core.Internal.ProviderPipelineImplementation.GetItem(ContentProvider provider, ContentReference contentLink, LoaderOptions loaderOptions)
   at EPiServer.Core.Internal.DefaultContentLoader.TryGet[T](ContentReference contentLink, LoaderOptions loaderOptions, T& content)
   at EPiServer.Core.Internal.DefaultContentRepository.TryGet[T](ContentReference contentLink, LoaderOptions loaderOptions, T& content)
   at EPiServer.Core.Html.StringParsing.ContentFragment.GetContent(Boolean enableMasterLanguageFallback)
   at EPiServer.Core.Html.StringParsing.ContentFragment.GetSecurityDescriptor()
   at EPiServer.Core.ContentAreaItem..ctor(ContentFragment fragment)
   at EPiServer.Core.ContentArea.CreateContentAreaItem(ContentFragment fragment)
   at EPiServer.Core.ContentArea.<CreateContentAreaItemCollection>b__19_0(ContentFragment fragment)
   at System.Linq.Enumerable.WhereSelectEnumerableIterator`2.MoveNext()
   at System.Collections.Generic.List`1..ctor(IEnumerable`1 collection)
   at System.Linq.Enumerable.ToList[TSource](IEnumerable`1 source)
   at EPiServer.Core.ContentArea.CreateContentAreaItemCollection()
   at EPiServer.Core.ContentArea.get_Items()
   at EPiServer.Cms.Shell.Json.Internal.ContentAreaConverter.WriteJson(JsonWriter writer, Object value, JsonSerializer serializer)
   at Newtonsoft.Json.Serialization.JsonSerializerInternalWriter.SerializeConvertable(JsonWriter writer, JsonConverter converter, Object value, JsonContract contract, JsonContainerContract collectionContract, JsonProperty containerProperty)
   at Newtonsoft.Json.Serialization.JsonSerializerInternalWriter.SerializeValue(JsonWriter writer, Object value, JsonContract valueContract, JsonProperty member, JsonContainerContract containerContract, JsonProperty containerProperty)
   at Newtonsoft.Json.Serialization.JsonSerializerInternalWriter.SerializeDictionary(JsonWriter writer, IDictionary values, JsonDictionaryContract contract, JsonProperty member, JsonContainerContract collectionContract, JsonProperty containerProperty)
   at Newtonsoft.Json.Serialization.JsonSerializerInternalWriter.SerializeValue(JsonWriter writer, Object value, JsonContract valueContract, JsonProperty member, JsonContainerContract containerContract, JsonProperty containerProperty)
   at Newtonsoft.Json.Serialization.JsonSerializerInternalWriter.SerializeObject(JsonWriter writer, Object value, JsonObjectContract contract, JsonProperty member, JsonContainerContract collectionContract, JsonProperty containerProperty)
   at Newtonsoft.Json.Serialization.JsonSerializerInternalWriter.SerializeValue(JsonWriter writer, Object value, JsonContract valueContract, JsonProperty member, JsonContainerContract containerContract, JsonProperty containerProperty)
   at Newtonsoft.Json.Serialization.JsonSerializerInternalWriter.Serialize(JsonWriter jsonWriter, Object value, Type objectType)
   at Newtonsoft.Json.JsonSerializer.SerializeInternal(JsonWriter jsonWriter, Object value, Type objectType)
   at EPiServer.Framework.Serialization.Json.Internal.JsonObjectSerializer.Serialize(TextWriter textWriter, Object value)
   at EPiServer.Shell.Services.Rest.RestResultBase.ExecuteResult(ControllerContext context)
   at EPiServer.Shell.Services.Rest.RestResult.ExecuteResult(ControllerContext context)
   at System.Web.Mvc.ControllerActionInvoker.InvokeActionResult(ControllerContext controllerContext, ActionResult actionResult)
   at System.Web.Mvc.ControllerActionInvoker.InvokeActionResultFilterRecursive(IList`1 filters, Int32 filterIndex, ResultExecutingContext preContext, ControllerContext controllerContext, ActionResult actionResult)
   at System.Web.Mvc.ControllerActionInvoker.InvokeActionResultFilterRecursive(IList`1 filters, Int32 filterIndex, ResultExecutingContext preContext, ControllerContext controllerContext, ActionResult actionResult)
   at System.Web.Mvc.ControllerActionInvoker.InvokeActionResultFilterRecursive(IList`1 filters, Int32 filterIndex, ResultExecutingContext preContext, ControllerContext controllerContext, ActionResult actionResult)
   at System.Web.Mvc.ControllerActionInvoker.InvokeActionResultFilterRecursive(IList`1 filters, Int32 filterIndex, ResultExecutingContext preContext, ControllerContext controllerContext, ActionResult actionResult)
   at System.Web.Mvc.ControllerActionInvoker.InvokeActionResultFilterRecursive(IList`1 filters, Int32 filterIndex, ResultExecutingContext preContext, ControllerContext controllerContext, ActionResult actionResult)
   at System.Web.Mvc.ControllerActionInvoker.InvokeActionResultWithFilters(ControllerContext controllerContext, IList`1 filters, ActionResult actionResult)
   at System.Web.Mvc.Async.AsyncControllerActionInvoker.<>c__DisplayClass21.<>c__DisplayClass2b.<BeginInvokeAction>b__1c()
   at System.Web.Mvc.Async.AsyncControllerActionInvoker.<>c__DisplayClass21.<BeginInvokeAction>b__1e(IAsyncResult asyncResult)
   at System.Web.Mvc.Async.AsyncResultWrapper.WrappedAsyncResult`1.CallEndDelegate(IAsyncResult asyncResult)
   at System.Web.Mvc.Async.AsyncResultWrapper.WrappedAsyncResultBase`1.End()
   at System.Web.Mvc.Async.AsyncControllerActionInvoker.EndInvokeAction(IAsyncResult asyncResult)
   at EPiServer.Shell.Services.Rest.RestControllerBase.EndExecute(IAsyncResult asyncResult)
   at EPiServer.Shell.Services.Rest.RestHttpHandler.EndProcessRequest(IAsyncResult result)
   at System.Web.HttpApplication.CallHandlerExecutionStep.System.Web.HttpApplication.IExecutionStep.Execute()
   at System.Web.HttpApplication.ExecuteStepImpl(IExecutionStep step)
   at System.Web.HttpApplication.ExecuteStep(IExecutionStep step, Boolean& completedSynchronously)
System.InvalidOperationException: There is already an open DataReader associated with this Command which must be closed first.
   at System.Data.SqlClient.SqlInternalConnectionTds.ValidateConnectionForExecute(SqlCommand command)
   at System.Data.SqlClient.SqlConnection.ValidateConnectionForExecute(String method, SqlCommand command)
   at System.Data.SqlClient.SqlCommand.ValidateCommand(String method, Boolean async)
   at System.Data.SqlClient.SqlCommand.RunExecuteReader(CommandBehavior cmdBehavior, RunBehavior runBehavior, Boolean returnStream, String method, TaskCompletionSource`1 completion, Int32 timeout, Task& task, Boolean& usedCache, Boolean asyncWrite, Boolean inRetry)
   at System.Data.SqlClient.SqlCommand.RunExecuteReader(CommandBehavior cmdBehavior, RunBehavior runBehavior, Boolean returnStream, String method)
   at System.Data.SqlClient.SqlCommand.ExecuteReader(CommandBehavior behavior, String method)
   at System.Data.SqlClient.SqlCommand.ExecuteDbDataReader(CommandBehavior behavior)
   at System.Data.Common.DbCommand.ExecuteReader(CommandBehavior behavior)
   at EPiServer.DataAccess.Internal.CategoryDB.<>c__DisplayClass11_0.<Load>b__0()
   at EPiServer.Data.Providers.Internal.SqlDatabaseExecutor.<>c__DisplayClass31_0`1.<Execute>b__0()
   at EPiServer.Data.Providers.SqlTransientErrorsRetryPolicy.Execute[TResult](Func`1 method)
   at EPiServer.Data.Providers.Internal.SqlDatabaseExecutor.Execute[TResult](Func`1 action)
   at EPiServer.DataAccess.Internal.CategoryDB.Load(Int32 contentID, Int32 versionID, String scopeName, String languageBranch)
   at EPiServer.Core.PropertyCategory.get_Category()
   at EPiServer.Core.PropertyCategory.MakeReadOnly()
   at EPiServer.Core.PropertyDataCollection.MakeReadOnly()
   at EPiServer.Core.ContentData.MakeReadOnly()
   at Castle.Proxies.PageListBlockProxy.MakeReadOnly_callback()
   at Castle.Proxies.Invocations.ContentData_MakeReadOnly_2.InvokeMethodOnTarget()
   at Castle.DynamicProxy.AbstractInvocation.Proceed()
   at EPiServer.DataAbstraction.RuntimeModel.ContentDataInterceptor.Intercept(IInvocation invocation)
   at Castle.DynamicProxy.AbstractInvocation.Proceed()
   at EPiServer.DataAbstraction.RuntimeModel.Internal.SharedBlockInterceptor.Intercept(IInvocation invocation)
   at Castle.DynamicProxy.AbstractInvocation.Proceed()
   at Castle.Proxies.PageListBlockProxy.MakeReadOnly()
   at EPiServer.DataAccess.Internal.ContentDB.FinalizeContent(IContent content)
   at EPiServer.DataAccess.Internal.ContentLoadDB.LoadContentInternal(ContentReference contentLink, Int32 languageBranchId, DbDataReader reader)
   at EPiServer.DataAccess.Internal.ContentLoadDB.<>c__DisplayClass2_0.<Load>b__0()
   at EPiServer.Data.Providers.Internal.SqlDatabaseExecutor.<>c__DisplayClass31_0`1.<Execute>b__0()
   at EPiServer.Data.Providers.SqlTransientErrorsRetryPolicy.Execute[TResult](Func`1 method)
   at EPiServer.Data.Providers.Internal.SqlDatabaseExecutor.Execute[TResult](Func`1 action)
   at EPiServer.DataAccess.Internal.ContentLoadDB.Load(ContentReference contentLink, Int32 languageBranchID)
   at EPiServer.Core.Internal.DefaultContentProviderDatabase.Load(ContentReference contentLink, Int32 languageBranchID)
   at EPiServer.Core.Internal.DefaultContentProvider.LoadContent(ContentReference contentLink, ILanguageSelector languageSelector)
   at EPiServer.Core.ContentProvider.<>c__DisplayClass121_0.<LoadContentFromCacheOrRepository>b__0()
   at EPiServer.Framework.Cache.ObjectInstanceCacheExtensions.ReadThroughWithWait[T](IObjectInstanceCache cache, String cacheKey, Func`1 readValue, Func`2 evictionPolicy)
   at EPiServer.Framework.Cache.ObjectInstanceCacheExtensions.ReadThrough[T](IObjectInstanceCache cache, String key, Func`1 readValue, Func`2 evictionPolicy, ReadStrategy readStrategy)
   at EPiServer.Core.Internal.ContentInstanceCache.ReadThrough(ContentReference contentLink, String selectedLanguage, Func`1 readValue)
   at EPiServer.Core.ContentProvider.LoadContentFromCacheOrRepository(ContentReference contentreference, ILanguageSelector selector)
   at EPiServer.Core.ContentProvider.Load(ContentReference contentLink, ILanguageSelector selector)
   at EPiServer.Core.Internal.ProviderPipelineImplementation.GetItem(ContentProvider provider, ContentReference contentLink, LoaderOptions loaderOptions)
   at EPiServer.Core.Internal.DefaultContentLoader.TryGet[T](ContentReference contentLink, LoaderOptions loaderOptions, T& content)
   at EPiServer.Core.Internal.DefaultContentRepository.TryGet[T](ContentReference contentLink, LoaderOptions loaderOptions, T& content)
   at EPiServer.Core.Html.StringParsing.ContentFragment.GetContent(Boolean enableMasterLanguageFallback)
   at EPiServer.Core.Html.StringParsing.ContentFragment.GetSecurityDescriptor()
   at EPiServer.Core.ContentAreaItem..ctor(ContentFragment fragment)
   at EPiServer.Core.ContentArea.CreateContentAreaItem(ContentFragment fragment)
   at EPiServer.Core.ContentArea.<CreateContentAreaItemCollection>b__19_0(ContentFragment fragment)
   at System.Linq.Enumerable.WhereSelectEnumerableIterator`2.MoveNext()
   at System.Collections.Generic.List`1..ctor(IEnumerable`1 collection)
   at System.Linq.Enumerable.ToList[TSource](IEnumerable`1 source)
   at EPiServer.Core.ContentArea.CreateContentAreaItemCollection()
   at EPiServer.Core.ContentArea.get_Items()
   at EPiServer.Cms.Shell.Json.Internal.ContentAreaConverter.WriteJson(JsonWriter writer, Object value, JsonSerializer serializer)
   at Newtonsoft.Json.Serialization.JsonSerializerInternalWriter.SerializeConvertable(JsonWriter writer, JsonConverter converter, Object value, JsonContract contract, JsonContainerContract collectionContract, JsonProperty containerProperty)
   at Newtonsoft.Json.Serialization.JsonSerializerInternalWriter.SerializeValue(JsonWriter writer, Object value, JsonContract valueContract, JsonProperty member, JsonContainerContract containerContract, JsonProperty containerProperty)
   at Newtonsoft.Json.Serialization.JsonSerializerInternalWriter.SerializeDictionary(JsonWriter writer, IDictionary values, JsonDictionaryContract contract, JsonProperty member, JsonContainerContract collectionContract, JsonProperty containerProperty)
   at Newtonsoft.Json.Serialization.JsonSerializerInternalWriter.SerializeValue(JsonWriter writer, Object value, JsonContract valueContract, JsonProperty member, JsonContainerContract containerContract, JsonProperty containerProperty)
   at Newtonsoft.Json.Serialization.JsonSerializerInternalWriter.SerializeObject(JsonWriter writer, Object value, JsonObjectContract contract, JsonProperty member, JsonContainerContract collectionContract, JsonProperty containerProperty)
   at Newtonsoft.Json.Serialization.JsonSerializerInternalWriter.SerializeValue(JsonWriter writer, Object value, JsonContract valueContract, JsonProperty member, JsonContainerContract containerContract, JsonProperty containerProperty)
   at Newtonsoft.Json.Serialization.JsonSerializerInternalWriter.Serialize(JsonWriter jsonWriter, Object value, Type objectType)
   at Newtonsoft.Json.JsonSerializer.SerializeInternal(JsonWriter jsonWriter, Object value, Type objectType)
   at EPiServer.Framework.Serialization.Json.Internal.JsonObjectSerializer.Serialize(TextWriter textWriter, Object value)
   at EPiServer.Shell.Services.Rest.RestResultBase.ExecuteResult(ControllerContext context)
   at EPiServer.Shell.Services.Rest.RestResult.ExecuteResult(ControllerContext context)
   at System.Web.Mvc.ControllerActionInvoker.InvokeActionResult(ControllerContext controllerContext, ActionResult actionResult)
   at System.Web.Mvc.ControllerActionInvoker.InvokeActionResultFilterRecursive(IList`1 filters, Int32 filterIndex, ResultExecutingContext preContext, ControllerContext controllerContext, ActionResult actionResult)
   at System.Web.Mvc.ControllerActionInvoker.InvokeActionResultFilterRecursive(IList`1 filters, Int32 filterIndex, ResultExecutingContext preContext, ControllerContext controllerContext, ActionResult actionResult)
   at System.Web.Mvc.ControllerActionInvoker.InvokeActionResultFilterRecursive(IList`1 filters, Int32 filterIndex, ResultExecutingContext preContext, ControllerContext controllerContext, ActionResult actionResult)
   at System.Web.Mvc.ControllerActionInvoker.InvokeActionResultFilterRecursive(IList`1 filters, Int32 filterIndex, ResultExecutingContext preContext, ControllerContext controllerContext, ActionResult actionResult)
   at System.Web.Mvc.ControllerActionInvoker.InvokeActionResultFilterRecursive(IList`1 filters, Int32 filterIndex, ResultExecutingContext preContext, ControllerContext controllerContext, ActionResult actionResult)
   at System.Web.Mvc.ControllerActionInvoker.InvokeActionResultWithFilters(ControllerContext controllerContext, IList`1 filters, ActionResult actionResult)
   at System.Web.Mvc.Async.AsyncControllerActionInvoker.<>c__DisplayClass21.<>c__DisplayClass2b.<BeginInvokeAction>b__1c()
   at System.Web.Mvc.Async.AsyncControllerActionInvoker.<>c__DisplayClass21.<BeginInvokeAction>b__1e(IAsyncResult asyncResult)
   at System.Web.Mvc.Async.AsyncResultWrapper.WrappedAsyncResult`1.CallEndDelegate(IAsyncResult asyncResult)
   at System.Web.Mvc.Async.AsyncResultWrapper.WrappedAsyncResultBase`1.End()
   at System.Web.Mvc.Async.AsyncControllerActionInvoker.EndInvokeAction(IAsyncResult asyncResult)
   at EPiServer.Shell.Services.Rest.RestControllerBase.EndExecute(IAsyncResult asyncResult)
   at EPiServer.Shell.Services.Rest.RestHttpHandler.EndProcessRequest(IAsyncResult result)
   at System.Web.HttpApplication.CallHandlerExecutionStep.System.Web.HttpApplication.IExecutionStep.Execute()
   at System.Web.HttpApplication.ExecuteStepImpl(IExecutionStep step)
   at System.Web.HttpApplication.ExecuteStep(IExecutionStep step, Boolean& completedSynchronously)
